e6cd7b430688a88e176f069c751738f805c4b16f68ea2ec571295c5527833d20
Error: No such image: i_h3
sha256:8eb2a6081ced96a6cd4116878f90cc164115635d38c10119334815b0662ebf77
docker run -d --name c_h3 -p 1012:22 ssh:v1
update container set need_create='0' where container_name='c_h3'
docker commit c_h3 i_h3
update container set need_commit='0' where container_name='c_h3'
delete from image where image_name='i_h3'
insert image(image_name,homework_id) values('i_h3','3')
Untagged: i_h3:latest
Deleted: sha256:8eb2a6081ced96a6cd4116878f90cc164115635d38c10119334815b0662ebf77
Deleted: sha256:ff125c50131f8d0eadf39bef412671f9a8006eac67de91a3a8d0df30b214a8a9
sha256:9c83e35ba17610800b1cb6adf81a51f240301a6402472be0f0e60c56f0ea44d0
docker commit c_h3 i_h3
update container set need_commit='0' where container_name='c_h3'
delete from image where image_name='i_h3'
insert image(image_name,homework_id) values('i_h3','3')
fb7bd3a946714cc446a7fa98def05a990fdaeec8d2ee3e18801c27ed4828886d
Error response from daemon: conflict: unable to remove repository reference "i_h3" (must force) - container fb7bd3a94671 is using its referenced image 9c83e35ba176
sha256:fd9806450bbc5897e59eb81568913e838b102413d412c56be9883bd2c61b3330
docker run -d --name c_h3_u12 -p 1013:22 i_h3
update container set need_create='0' where container_name='c_h3_u12'
docker commit c_h3_u12 i_h3
update container set need_commit='0' where container_name='c_h3_u12'
delete from image where image_name='i_h3'
insert image(image_name,homework_id) values('i_h3','3')
cd5b851e714f7cd6d500f42296c48aeff4b8a74a12c14810e692f3f418d38061
Error: No such image: i_u14_h5
sha256:4307844441fc10f90391b60d2740bd03446f66d8f99cb440264580871367ee24
b4b605dae923d9b4a96825cbce6dc96bc2a474e30a971321bdbcc42a4914b819
Error: No such image: i_u12_h5
sha256:a73f41cf8d21257b68663675bdcb105eb4c05ea5c8711b15bf62c7b36a9d12d4
Untagged: i_u12_h5:latest
Deleted: sha256:a73f41cf8d21257b68663675bdcb105eb4c05ea5c8711b15bf62c7b36a9d12d4
c_u12_h5
c_u12_h5
Untagged: i_u14_h5:latest
Deleted: sha256:4307844441fc10f90391b60d2740bd03446f66d8f99cb440264580871367ee24
Deleted: sha256:67d9155eb1e48a92889d44f248be9947ef890d8ccca26c6a61c9aafca504a848
c_u14_h5
c_u14_h5
dceb9b31f3b7491978b4ea3f7745466687176acf93f0d79cde01d9da82db62d7
Error: No such image: i_u14_h10
sha256:a3750684f378d5a08a68a5fe4c7e85955ee0db6da1dcd66a3e1765d4ef9898da
Untagged: i_u14_h10:latest
Deleted: sha256:a3750684f378d5a08a68a5fe4c7e85955ee0db6da1dcd66a3e1765d4ef9898da
Deleted: sha256:f9049798e2d0c5a961b4382a1fc4b61f856b5a9de8dd4d4d5f9f0801eec4935d
sha256:ba979fabc7e03df620aac472e3decf43cbc52ba9baf30715d71eab554ee63461
05b6baac7dd357386b97a0efd07379a092c9c680cfa5a1ffd9cc8da9c8ccbd54
Error: No such image: i_u12_h10
sha256:bbe76946ce03bbd2688bddbd41ec06f32cd4911f69e42dd0ac1d07df57dd62d7
c_u12_h10
c_u12_h10
92f1a918855d396c69c5f9ad29df0f6b23b637b38f4c9b4f73c30c3f92abb1e8
Untagged: i_u12_h10:latest
Deleted: sha256:bbe76946ce03bbd2688bddbd41ec06f32cd4911f69e42dd0ac1d07df57dd62d7
Deleted: sha256:833138ab40a366c264673c217569ecda3194ada2e326158283d5905507821970
sha256:63b5bf4ae29c6899a84d625061011eee63b2cb4269e82a1c80dd397fcc43d3d4
c_u14_h10
c_u14_h10
c147fa6545f74eae1aeab55bd7a0bf2c3977418ab0de3db845b4e0ab3903c1c0
Error: No such image: i_u12_h-1
Error response from daemon: No such container: c_u12_h-1
docker: Error response from daemon: Conflict. The container name "/c_u12_h" is already in use by container "c147fa6545f74eae1aeab55bd7a0bf2c3977418ab0de3db845b4e0ab3903c1c0". You have to remove (or rename) that container to be able to reuse that name.
See 'docker run --help'.
Error: No such image: i_u12_h-1
Error response from daemon: No such container: c_u12_h-1
b4a820e9b87cc1417f2e69757b3956a53abc2ea2954d6c11e5d072e1d55c2d7e
Error: No such image: i_u14_h8
sha256:9752285ba3b64db5b3a8779fb62ec439eb8d5f6d2b32016d867dd74fd96c3488
Untagged: i_u14_h8:latest
Deleted: sha256:9752285ba3b64db5b3a8779fb62ec439eb8d5f6d2b32016d867dd74fd96c3488
Deleted: sha256:647960d8047ed0f82f7cbf5bba6b31c114bd454b9a0cb100e8446da73d3fb5f2
sha256:4c109a32da5e8bf1701552c492976dc726daf9ebffb070f5881e08efd6e36bf8
Untagged: i_u14_h8:latest
Deleted: sha256:4c109a32da5e8bf1701552c492976dc726daf9ebffb070f5881e08efd6e36bf8
Deleted: sha256:56c1eaf63c444047e11295ad4f1806a30136239da80007c803dc193d15672cca
sha256:cdb08f777b4b0190fa421f5aa13115391b1c0a272e8fe3e21579dc600a3ee3d8
6a6d75ba54588b84eac6f84b33ab95e52d787ea5d038634b5aa3a41a43c9bc72
Untagged: i_u14_h8:latest
Deleted: sha256:cdb08f777b4b0190fa421f5aa13115391b1c0a272e8fe3e21579dc600a3ee3d8
Deleted: sha256:6f4b847804d9c96926bf0c2a245f06ff886d7836cb5cb5274365d88754de2567
sha256:0c753ac5a960aa8ed0aaa72fd337b3e063ae5b63f80452c3c90b3476b44bbbed
Untagged: i_u14_h8:latest
Deleted: sha256:0c753ac5a960aa8ed0aaa72fd337b3e063ae5b63f80452c3c90b3476b44bbbed
Deleted: sha256:62dd530e2e45a1214de6c33376d8cd7ec1cd9bd04bf2055afaf90f5f8ad67773
sha256:e3573bfacf05eae92fadc84953e17df71fc73058b189b061fb1c3580399c206d
b83f90aa5465ec93f4c27c8f69159338d0e3735e083186cf61374bbc28dbe601
Error: No such image: i_u12_h8
sha256:3149a2744f17c1171968bb64add6a8efa7b2a4ee74838b89acbb5754facddcdc
f7d398bf2c1cef4ed3a2d1ec18d6ed7472fa0a9af1fb6358c1370c8e9b54d251
Untagged: i_u12_h8:latest
Deleted: sha256:3149a2744f17c1171968bb64add6a8efa7b2a4ee74838b89acbb5754facddcdc
Deleted: sha256:b5b1f65bfbe71ab8ce1312deee19e586d55400b5adb745b1ff60026d6e767dba
sha256:f830d58768cdaabb491d6a14d5476e45c1ddf8860511526db3b7ba8beb617b14
a88a2ece36cd33507ff09ea77ac79956de10cb56ba042156fc7e49ab41f75063
Error: No such image: i_u12_h-1
Error response from daemon: No such container: c_u12_h-1
0bb1f35cb9b4171ac2710234ddb69cc0913ac748ff23ae1124b107b37ddb3e4d
Error: No such image: i_u12_h-1
sha256:91d9dfd7b0d664ce8716ef49f46b326a4d0f7fdf299843ce2fe94fefd81989e8
c_u12_h-1
c_u12_h-1
f8d8ff3f18b54d643885d5bbf879c2f0a81442efdc389791138cf37258694a19
Untagged: i_u12_h-1:latest
Deleted: sha256:91d9dfd7b0d664ce8716ef49f46b326a4d0f7fdf299843ce2fe94fefd81989e8
Deleted: sha256:5b436d728d1e874df553a49cdf3d1ec41dc10a80e0b6b6f39320dde6c659d553
sha256:ab8504c0d95d2493b8259e611517af47da02f80be6bf4f64fa8fa461bef801fd
